<?xml version="1.0" encoding="UTF-8"?>
<testng-results skipped="0" failed="0" total="2" passed="2">
  <reporter-output>
  </reporter-output>
  <suite name="LOLRQATestSuite" duration-ms="13748" started-at="2016-10-19T16:45:28Z" finished-at="2016-10-19T16:45:42Z">
    <groups>
    </groups>
    <test name="Test1" duration-ms="13748" started-at="2016-10-19T16:45:28Z" finished-at="2016-10-19T16:45:42Z">
      <class name="com.example.freelance.test.SnapDealSearchExcelDataTest">
        <test-method status="PASS" signature="test(org.testng.ITestContext)[pri:0, instance:com.example.freelance.test.SnapDealSearchExcelDataTest@523884b2]" name="test" is-config="true" duration-ms="1348" started-at="2016-10-19T22:15:28Z" finished-at="2016-10-19T22:15:30Z">
          <params>
            <param index="0">
              <value>
                <![CDATA[org.testng.TestRunner@60c6f5b]]>
              </value>
            </param>
          </params>
          <reporter-output>
          </reporter-output>
        </test-method> <!-- test -->
        <test-method status="PASS" signature="searchSnapDeal(com.example.freelance.test.DataInfo)[pri:0, instance:com.example.freelance.test.SnapDealSearchExcelDataTest@523884b2]" name="searchSnapDeal" duration-ms="6640" started-at="2016-10-19T22:15:30Z" data-provider="searchData" finished-at="2016-10-19T22:15:37Z">
          <params>
            <param index="0">
              <value>
                <![CDATA[com.example.freelance.test.DataInfo@43e0e544]]>
              </value>
            </param>
          </params>
          <reporter-output>
          </reporter-output>
        </test-method> <!-- searchSnapDeal -->
        <test-method status="PASS" signature="searchSnapDeal(com.example.freelance.test.DataInfo)[pri:0, instance:com.example.freelance.test.SnapDealSearchExcelDataTest@523884b2]" name="searchSnapDeal" duration-ms="5047" started-at="2016-10-19T22:15:37Z" data-provider="searchData" finished-at="2016-10-19T22:15:42Z">
          <params>
            <param index="0">
              <value>
                <![CDATA[com.example.freelance.test.DataInfo@601810bc]]>
              </value>
            </param>
          </params>
          <reporter-output>
          </reporter-output>
        </test-method> <!-- searchSnapDeal -->
        <test-method status="PASS" signature="tearDown()[pri:0, instance:com.example.freelance.test.SnapDealSearchExcelDataTest@523884b2]" name="tearDown" is-config="true" duration-ms="126" started-at="2016-10-19T22:15:42Z" finished-at="2016-10-19T22:15:42Z">
          <reporter-output>
          </reporter-output>
        </test-method> <!-- tearDown -->
      </class> <!-- com.example.freelance.test.SnapDealSearchExcelDataTest -->
    </test> <!-- Test1 -->
  </suite> <!-- LOLRQATestSuite -->
</testng-results>
