<?xml version="1.0" encoding="UTF-8"?>
<!-- Generated by org.testng.reporters.JUnitXMLReporter -->
<testsuite hostname="Sathishs-MacBook-Pro.local" name="Test1" tests="6" failures="0" timestamp="19 Oct 2016 17:30:59 GMT" time="42.671" errors="0">
  <testcase name="searchSnapDeal" time="5.482" classname="com.example.freelance.test.SnapDealSearchTest"/>
  <testcase name="searchSnapDealDataDriven" time="4.882" classname="com.example.freelance.test.SnapDealSearchDataDrivenTest"/>
  <testcase name="searchSnapDealDataDriven" time="7.232" classname="com.example.freelance.test.SnapDealSearchDataDrivenTest"/>
  <testcase name="searchSnapDealDataDriven" time="6.442" classname="com.example.freelance.test.SnapDealSearchDataDrivenTest"/>
  <testcase name="searchSnapDeal" time="6.601" classname="com.example.freelance.test.SnapDealSearchExcelDataTest"/>
  <testcase name="searchSnapDeal" time="5.068" classname="com.example.freelance.test.SnapDealSearchExcelDataTest"/>
</testsuite> <!-- Test1 -->
