<?xml version="1.0" encoding="UTF-8"?>
<!-- Generated by org.testng.reporters.JUnitXMLReporter -->
<testsuite hostname="Sathishs-MacBook-Pro.local" name="Test1" tests="2" failures="0" timestamp="19 Oct 2016 16:45:42 GMT" time="13.748" errors="0">
  <testcase name="searchSnapDeal" time="6.64" classname="com.example.freelance.test.SnapDealSearchExcelDataTest"/>
  <testcase name="searchSnapDeal" time="5.047" classname="com.example.freelance.test.SnapDealSearchExcelDataTest"/>
</testsuite> <!-- Test1 -->
